0 info it worked if it ends with ok
1 verbose cli [ '/opt/node/bin/node',
1 verbose cli   '/opt/node/bin/npm',
1 verbose cli   'i',
1 verbose cli   '--save',
1 verbose cli   'ngCordova' ]
2 info using npm@2.11.3
3 info using node@v0.12.7
4 verbose install initial load of /home/daniel/js/angular/freddius/package.json
5 warn package.json freddius2@0.1.0 No repository field.
6 warn package.json freddius2@0.1.0 No license field.
7 verbose installManyTop reading scoped package data from /home/daniel/js/angular/freddius/node_modules/angular/package.json
8 verbose installManyTop reading scoped package data from /home/daniel/js/angular/freddius/node_modules/angular-carousel/package.json
9 verbose installManyTop reading scoped package data from /home/daniel/js/angular/freddius/node_modules/angular-facebook/package.json
10 verbose installManyTop reading scoped package data from /home/daniel/js/angular/freddius/node_modules/angular-touch/package.json
11 verbose installManyTop reading scoped package data from /home/daniel/js/angular/freddius/node_modules/babel-core/package.json
12 verbose installManyTop reading scoped package data from /home/daniel/js/angular/freddius/node_modules/babelify/package.json
13 verbose installManyTop reading scoped package data from /home/daniel/js/angular/freddius/node_modules/browserify/package.json
14 verbose installManyTop reading scoped package data from /home/daniel/js/angular/freddius/node_modules/del/package.json
15 verbose installManyTop reading scoped package data from /home/daniel/js/angular/freddius/node_modules/gulp/package.json
16 verbose installManyTop reading scoped package data from /home/daniel/js/angular/freddius/node_modules/gulp-concat/package.json
17 verbose installManyTop reading scoped package data from /home/daniel/js/angular/freddius/node_modules/gulp-htmlmin/package.json
18 verbose installManyTop reading scoped package data from /home/daniel/js/angular/freddius/node_modules/gulp-minify-css/package.json
19 verbose installManyTop reading scoped package data from /home/daniel/js/angular/freddius/node_modules/gulp-ng-annotate/package.json
20 verbose installManyTop reading scoped package data from /home/daniel/js/angular/freddius/node_modules/gulp-rename/package.json
21 verbose installManyTop reading scoped package data from /home/daniel/js/angular/freddius/node_modules/gulp-replace/package.json
22 verbose installManyTop reading scoped package data from /home/daniel/js/angular/freddius/node_modules/gulp-sass/package.json
23 verbose installManyTop reading scoped package data from /home/daniel/js/angular/freddius/node_modules/ng-facebook/package.json
24 verbose installManyTop reading scoped package data from /home/daniel/js/angular/freddius/node_modules/vinyl-buffer/package.json
25 verbose installManyTop reading scoped package data from /home/daniel/js/angular/freddius/node_modules/vinyl-source-stream/package.json
26 info package.json angular-carousel@0.3.12 No license field.
27 info package.json angular-facebook@0.0.2 No license field.
28 info package.json gulp-rename@1.2.2 No license field.
29 info package.json gulp-ng-annotate@1.0.0 license should be a valid SPDX license expression
30 info package.json ng-facebook@0.1.6 license should be a valid SPDX license expression
31 verbose readDependencies loading dependencies from /home/daniel/js/angular/freddius/package.json
32 silly cache add args [ 'ngCordova', null ]
33 verbose cache add spec ngCordova
34 silly cache add parsed spec { raw: 'ngCordova',
34 silly cache add   scope: null,
34 silly cache add   name: 'ngCordova',
34 silly cache add   rawSpec: '',
34 silly cache add   spec: '*',
34 silly cache add   type: 'range' }
35 silly addNamed ngCordova@*
36 verbose addNamed "*" is a valid semver range for ngCordova
37 silly addNameRange { name: 'ngCordova', range: '*', hasData: false }
38 silly mapToRegistry name ngCordova
39 silly mapToRegistry using default registry
40 silly mapToRegistry registry https://registry.npmjs.org/
41 silly mapToRegistry uri https://registry.npmjs.org/ngCordova
42 verbose addNameRange registry:https://registry.npmjs.org/ngCordova not in flight; fetching
43 verbose request uri https://registry.npmjs.org/ngCordova
44 verbose request no auth needed
45 info attempt registry request try #1 at 21:07:07
46 verbose request id 73b41ec9bccd5c90
47 http request GET https://registry.npmjs.org/ngCordova
48 http 404 https://registry.npmjs.org/ngCordova
49 verbose headers { server: 'CouchDB/1.5.0 (Erlang OTP/R16B03)',
49 verbose headers   'content-type': 'application/json',
49 verbose headers   'cache-control': 'max-age=0',
49 verbose headers   'content-length': '51',
49 verbose headers   'accept-ranges': 'bytes',
49 verbose headers   date: 'Thu, 30 Jul 2015 00:07:08 GMT',
49 verbose headers   via: '1.1 varnish',
49 verbose headers   age: '0',
49 verbose headers   connection: 'keep-alive',
49 verbose headers   'x-served-by': 'cache-jfk1021-JFK',
49 verbose headers   'x-cache': 'MISS',
49 verbose headers   'x-cache-hits': '0',
49 verbose headers   'x-timer': 'S1438214828.623667,VS0,VE87' }
50 silly get cb [ 404,
50 silly get   { server: 'CouchDB/1.5.0 (Erlang OTP/R16B03)',
50 silly get     'content-type': 'application/json',
50 silly get     'cache-control': 'max-age=0',
50 silly get     'content-length': '51',
50 silly get     'accept-ranges': 'bytes',
50 silly get     date: 'Thu, 30 Jul 2015 00:07:08 GMT',
50 silly get     via: '1.1 varnish',
50 silly get     age: '0',
50 silly get     connection: 'keep-alive',
50 silly get     'x-served-by': 'cache-jfk1021-JFK',
50 silly get     'x-cache': 'MISS',
50 silly get     'x-cache-hits': '0',
50 silly get     'x-timer': 'S1438214828.623667,VS0,VE87' } ]
51 verbose stack Error: 404 Not Found: ngCordova
51 verbose stack     at CachingRegistryClient.<anonymous> (/opt/node/lib/node_modules/npm/node_modules/npm-registry-client/lib/request.js:245:14)
51 verbose stack     at Request._callback (/opt/node/lib/node_modules/npm/node_modules/npm-registry-client/lib/request.js:170:14)
51 verbose stack     at Request.self.callback (/opt/node/lib/node_modules/npm/node_modules/request/request.js:354:22)
51 verbose stack     at Request.emit (events.js:110:17)
51 verbose stack     at Request.<anonymous> (/opt/node/lib/node_modules/npm/node_modules/request/request.js:1207:14)
51 verbose stack     at Request.emit (events.js:129:20)
51 verbose stack     at IncomingMessage.<anonymous> (/opt/node/lib/node_modules/npm/node_modules/request/request.js:1153:12)
51 verbose stack     at IncomingMessage.emit (events.js:129:20)
51 verbose stack     at _stream_readable.js:908:16
51 verbose stack     at process._tickCallback (node.js:355:11)
52 verbose statusCode 404
53 verbose pkgid ngCordova
54 verbose cwd /home/daniel/js/angular/freddius
55 error Linux 3.13.0-37-generic
56 error argv "/opt/node/bin/node" "/opt/node/bin/npm" "i" "--save" "ngCordova"
57 error node v0.12.7
58 error npm  v2.11.3
59 error code E404
60 error 404 Not Found: ngCordova
60 error 404
60 error 404 'ngCordova' is not in the npm registry.
60 error 404 Your package name is not valid, because
60 error 404
60 error 404  1. name can no longer contain capital letters
60 error 404 It was specified as a dependency of 'freddius2'
60 error 404
60 error 404 Note that you can also install from a
60 error 404 tarball, folder, http url, or git url.
61 verbose exit [ 1, true ]
